<?xml version="1.0" encoding="UTF-8"?>
<!-- Generated by org.testng.reporters.JUnitReportReporter -->
<testsuite hostname="Madhu_Sudhakar" failures="0" tests="4" name="OpenWeather.ZenoAssigment.MainTest" time="132.269" errors="0" timestamp="2024-03-06T17:43:46 IST" skipped="0">
  <testcase classname="OpenWeather.ZenoAssigment.MainTest" name="mapLayer" time="29.473"/>
  <testcase classname="OpenWeather.ZenoAssigment.MainTest" name="weatherDetails" time="37.009"/>
  <testcase classname="OpenWeather.ZenoAssigment.MainTest" name="incorrectCityNameWeather" time="33.535"/>
  <testcase classname="OpenWeather.ZenoAssigment.MainTest" name="cityWeather" time="32.252"/>
</testsuite> <!-- OpenWeather.ZenoAssigment.MainTest -->
